error: repository lacks the necessary blob to perform 3-way merge.
Falling back to direct application...
error: patch failed: drivers/gpu/drm/Makefile:74
error: drivers/gpu/drm/Makefile: patch does not apply
Performing three-way merge...
Applied patch to 'drivers/gpu/drm/drm_notifier.c' cleanly.
Performing three-way merge...
Applied patch to 'include/drm/drm_notifier.h' cleanly.
error: repository lacks the necessary blob to perform 3-way merge.
Falling back to direct application...
error: patch failed: drivers/gpu/drm/msm/dsi/dsi_manager.c:7
error: drivers/gpu/drm/msm/dsi/dsi_manager.c: patch does not apply
error: repository lacks the necessary blob to perform 3-way merge.
Falling back to direct application...
error: patch failed: drivers/input/touchscreen/Kconfig:12
error: drivers/input/touchscreen/Kconfig: patch does not apply
error: repository lacks the necessary blob to perform 3-way merge.
Falling back to direct application...
error: patch failed: drivers/input/touchscreen/Makefile:117
error: drivers/input/touchscreen/Makefile: patch does not apply
Performing three-way merge...
Applied patch to 'drivers/input/touchscreen/nt36523/Kconfig' cleanly.
Performing three-way merge...
Applied patch to 'drivers/input/touchscreen/nt36523/Makefile' cleanly.
Performing three-way merge...
Applied patch to 'drivers/input/touchscreen/nt36523/nt36xxx.c' with conflicts.
Performing three-way merge...
Applied patch to 'drivers/input/touchscreen/nt36523/nt36xxx.h' cleanly.
Performing three-way merge...
Applied patch to 'drivers/input/touchscreen/nt36523/nt36xxx_fw_update.c' cleanly.
Performing three-way merge...
Applied patch to 'drivers/input/touchscreen/nt36523/nt36xxx_mem_map.h' cleanly.
error: repository lacks the necessary blob to perform 3-way merge.
Falling back to direct application...
error: patch failed: arch/arm64/boot/dts/qcom/sm8250-xiaomi-elish-common.dtsi:30
error: arch/arm64/boot/dts/qcom/sm8250-xiaomi-elish-common.dtsi: patch does not apply
error: arch/arm64/boot/dts/qcom/sm8250-xiaomi-elish-boe.dts: does not exist in index
error: repository lacks the necessary blob to perform 3-way merge.
Falling back to direct application...
error: arch/arm64/boot/dts/qcom/sm8250-xiaomi-elish-csot.dts: does not exist in index
error: repository lacks the necessary blob to perform 3-way merge.
Falling back to direct application...
error: patch failed: sound/soc/qcom/sm8250.c:16
error: sound/soc/qcom/sm8250.c: patch does not apply
error: repository lacks the necessary blob to perform 3-way merge.
Falling back to direct application...
error: patch failed: arch/arm64/boot/dts/qcom/sm8250-xiaomi-elish-common.dtsi:788
error: arch/arm64/boot/dts/qcom/sm8250-xiaomi-elish-common.dtsi: patch does not apply
error: repository lacks the necessary blob to perform 3-way merge.
Falling back to direct application...
error: patch failed: sound/soc/codecs/wm_adsp.c:751
error: sound/soc/codecs/wm_adsp.c: patch does not apply
/sd/1DMP/Videos//0009-arm64-dts-qcom-sm8250-oneplus-instantnoodlep-Add-dev.patch:97: trailing whitespace.
    
/sd/1DMP/Videos//0009-arm64-dts-qcom-sm8250-oneplus-instantnoodlep-Add-dev.patch:211: trailing whitespace.
        
Falling back to direct application...
warning: 2 lines add whitespace errors.
[lmi-mainline-v6.12.0rc6 b18ccfc1d] Applied patch: 0009-arm64-dts-qcom-sm8250-oneplus-instantnoodlep-Add-dev.patch
 4 files changed, 966 insertions(+)
 create mode 100644 arch/arm64/boot/dts/qcom/sm8250-oneplus-instantnoodlep.dts
 create mode 100644 git_patch_apply_20250313_045325.log
 create mode 100644 git_patch_apply_20250313_045428.log
 create mode 100644 patch.sh
error: repository lacks the necessary blob to perform 3-way merge.
Falling back to direct application...
error: patch failed: drivers/gpu/drm/msm/dsi/dsi_manager.c:494
error: drivers/gpu/drm/msm/dsi/dsi_manager.c: patch does not apply
error: repository lacks the necessary blob to perform 3-way merge.
Falling back to direct application...
error: patch failed: drivers/gpu/drm/msm/disp/dpu1/dpu_hw_ctl.c:544
error: drivers/gpu/drm/msm/disp/dpu1/dpu_hw_ctl.c: patch does not apply
error: repository lacks the necessary blob to perform 3-way merge.
Falling back to direct application...
error: patch failed: drivers/gpu/drm/msm/disp/dpu1/dpu_hw_ctl.h:36
error: drivers/gpu/drm/msm/disp/dpu1/dpu_hw_ctl.h: patch does not apply
error: repository lacks the necessary blob to perform 3-way merge.
Falling back to direct application...
error: patch failed: drivers/gpu/drm/msm/disp/dpu1/dpu_encoder.c:1198
error: drivers/gpu/drm/msm/disp/dpu1/dpu_encoder.c: patch does not apply
error: repository lacks the necessary blob to perform 3-way merge.
Falling back to direct application...
error: patch failed: drivers/gpu/drm/msm/disp/dpu1/dpu_hw_catalog.h:354
error: drivers/gpu/drm/msm/disp/dpu1/dpu_hw_catalog.h: patch does not apply
error: repository lacks the necessary blob to perform 3-way merge.
Falling back to direct application...
error: patch failed: drivers/gpu/drm/msm/disp/dpu1/dpu_rm.c:132
error: drivers/gpu/drm/msm/disp/dpu1/dpu_rm.c: patch does not apply
error: repository lacks the necessary blob to perform 3-way merge.
Falling back to direct application...
error: patch failed: drivers/gpu/drm/msm/disp/dpu1/dpu_rm.h:35
error: drivers/gpu/drm/msm/disp/dpu1/dpu_rm.h: patch does not apply
error: repository lacks the necessary blob to perform 3-way merge.
Falling back to direct application...
error: patch failed: drivers/gpu/drm/msm/disp/dpu1/catalog/dpu_5_0_sm8150.h:14
error: drivers/gpu/drm/msm/disp/dpu1/catalog/dpu_5_0_sm8150.h: patch does not apply
error: repository lacks the necessary blob to perform 3-way merge.
Falling back to direct application...
error: patch failed: drivers/gpu/drm/msm/disp/dpu1/catalog/dpu_5_1_sc8180x.h:14
error: drivers/gpu/drm/msm/disp/dpu1/catalog/dpu_5_1_sc8180x.h: patch does not apply
error: repository lacks the necessary blob to perform 3-way merge.
Falling back to direct application...
error: patch failed: drivers/gpu/drm/msm/disp/dpu1/catalog/dpu_6_0_sm8250.h:14
error: drivers/gpu/drm/msm/disp/dpu1/catalog/dpu_6_0_sm8250.h: patch does not apply
error: repository lacks the necessary blob to perform 3-way merge.
Falling back to direct application...
error: patch failed: drivers/gpu/drm/msm/disp/dpu1/catalog/dpu_6_2_sc7180.h:12
error: drivers/gpu/drm/msm/disp/dpu1/catalog/dpu_6_2_sc7180.h: patch does not apply
error: repository lacks the necessary blob to perform 3-way merge.
Falling back to direct application...
error: patch failed: drivers/gpu/drm/msm/disp/dpu1/catalog/dpu_6_3_sm6115.h:12
error: drivers/gpu/drm/msm/disp/dpu1/catalog/dpu_6_3_sm6115.h: patch does not apply
error: repository lacks the necessary blob to perform 3-way merge.
Falling back to direct application...
error: patch failed: drivers/gpu/drm/msm/disp/dpu1/catalog/dpu_6_5_qcm2290.h:12
error: drivers/gpu/drm/msm/disp/dpu1/catalog/dpu_6_5_qcm2290.h: patch does not apply
error: repository lacks the necessary blob to perform 3-way merge.
Falling back to direct application...
error: patch failed: drivers/gpu/drm/msm/disp/dpu1/catalog/dpu_7_0_sm8350.h:14
error: drivers/gpu/drm/msm/disp/dpu1/catalog/dpu_7_0_sm8350.h: patch does not apply
error: repository lacks the necessary blob to perform 3-way merge.
Falling back to direct application...
error: patch failed: drivers/gpu/drm/msm/disp/dpu1/catalog/dpu_7_2_sc7280.h:12
error: drivers/gpu/drm/msm/disp/dpu1/catalog/dpu_7_2_sc7280.h: patch does not apply
error: repository lacks the necessary blob to perform 3-way merge.
Falling back to direct application...
error: patch failed: drivers/gpu/drm/msm/disp/dpu1/catalog/dpu_8_0_sc8280xp.h:14
error: drivers/gpu/drm/msm/disp/dpu1/catalog/dpu_8_0_sc8280xp.h: patch does not apply
error: repository lacks the necessary blob to perform 3-way merge.
Falling back to direct application...
error: patch failed: drivers/gpu/drm/msm/disp/dpu1/catalog/dpu_8_1_sm8450.h:14
error: drivers/gpu/drm/msm/disp/dpu1/catalog/dpu_8_1_sm8450.h: patch does not apply
error: repository lacks the necessary blob to perform 3-way merge.
Falling back to direct application...
error: patch failed: drivers/gpu/drm/msm/disp/dpu1/catalog/dpu_9_0_sm8550.h:14
error: drivers/gpu/drm/msm/disp/dpu1/catalog/dpu_9_0_sm8550.h: patch does not apply
error: repository lacks the necessary blob to perform 3-way merge.
Falling back to direct application...
error: patch failed: drivers/gpu/drm/msm/disp/dpu1/dpu_encoder_phys_cmd.c:59
error: drivers/gpu/drm/msm/disp/dpu1/dpu_encoder_phys_cmd.c: patch does not apply
error: repository lacks the necessary blob to perform 3-way merge.
Falling back to direct application...
error: patch failed: drivers/gpu/drm/msm/disp/dpu1/dpu_encoder_phys_vid.c:298
error: drivers/gpu/drm/msm/disp/dpu1/dpu_encoder_phys_vid.c: patch does not apply
error: repository lacks the necessary blob to perform 3-way merge.
Falling back to direct application...
error: patch failed: drivers/gpu/drm/msm/disp/dpu1/catalog/dpu_5_0_sm8150.h:38
error: drivers/gpu/drm/msm/disp/dpu1/catalog/dpu_5_0_sm8150.h: patch does not apply
error: repository lacks the necessary blob to perform 3-way merge.
Falling back to direct application...
error: patch failed: drivers/gpu/drm/msm/disp/dpu1/catalog/dpu_5_1_sc8180x.h:42
error: drivers/gpu/drm/msm/disp/dpu1/catalog/dpu_5_1_sc8180x.h: patch does not apply
error: repository lacks the necessary blob to perform 3-way merge.
Falling back to direct application...
error: patch failed: drivers/gpu/drm/msm/disp/dpu1/catalog/dpu_6_0_sm8250.h:36
error: drivers/gpu/drm/msm/disp/dpu1/catalog/dpu_6_0_sm8250.h: patch does not apply
error: repository lacks the necessary blob to perform 3-way merge.
Falling back to direct application...
error: patch failed: drivers/gpu/drm/msm/disp/dpu1/catalog/dpu_7_0_sm8350.h:36
error: drivers/gpu/drm/msm/disp/dpu1/catalog/dpu_7_0_sm8350.h: patch does not apply
error: repository lacks the necessary blob to perform 3-way merge.
Falling back to direct application...
error: patch failed: drivers/gpu/drm/msm/disp/dpu1/catalog/dpu_8_0_sc8280xp.h:36
error: drivers/gpu/drm/msm/disp/dpu1/catalog/dpu_8_0_sc8280xp.h: patch does not apply
error: repository lacks the necessary blob to perform 3-way merge.
Falling back to direct application...
error: patch failed: drivers/gpu/drm/msm/disp/dpu1/catalog/dpu_8_1_sm8450.h:37
error: drivers/gpu/drm/msm/disp/dpu1/catalog/dpu_8_1_sm8450.h: patch does not apply
error: repository lacks the necessary blob to perform 3-way merge.
Falling back to direct application...
error: patch failed: drivers/gpu/drm/msm/disp/dpu1/catalog/dpu_9_0_sm8550.h:28
error: drivers/gpu/drm/msm/disp/dpu1/catalog/dpu_9_0_sm8550.h: patch does not apply
error: repository lacks the necessary blob to perform 3-way merge.
Falling back to direct application...
error: patch failed: arch/arm64/boot/dts/qcom/sm8250-xiaomi-elish-common.dtsi:1065
error: arch/arm64/boot/dts/qcom/sm8250-xiaomi-elish-common.dtsi: patch does not apply
error: repository lacks the necessary blob to perform 3-way merge.
Falling back to direct application...
[lmi-mainline-v6.12.0rc6 663ab357b] Applied patch: 0017-arm64-dts-qcom-sm8250-xiaomi-elish-remove-framebuffe.patch
 2 files changed, 121 insertions(+), 20 deletions(-)
error: repository lacks the necessary blob to perform 3-way merge.
Falling back to direct application...
error: patch failed: drivers/gpu/drm/panel/panel-novatek-nt36523.c:1095
error: drivers/gpu/drm/panel/panel-novatek-nt36523.c: patch does not apply
error: repository lacks the necessary blob to perform 3-way merge.
Falling back to direct application...
error: repository lacks the necessary blob to perform 3-way merge.
Falling back to direct application...
error: repository lacks the necessary blob to perform 3-way merge.
Falling back to direct application...
[lmi-mainline-v6.12.0rc6 1547ea298] Applied patch: 0019-input-nt36xxx-Enable-pen-support.patch
 4 files changed, 58 insertions(+), 4 deletions(-)
error: repository lacks the necessary blob to perform 3-way merge.
Falling back to direct application...
error: repository lacks the necessary blob to perform 3-way merge.
Falling back to direct application...
[lmi-mainline-v6.12.0rc6 cb3ce0439] Applied patch: 0020-nt36xxx-add-pen-input-resolution.patch
 3 files changed, 21 insertions(+), 5 deletions(-)
/sd/1DMP/Videos//0021-arm64-dts-qcom-sm8250-oneplus-instantnoodlep-Restore.patch:88: trailing whitespace.
 
/sd/1DMP/Videos//0021-arm64-dts-qcom-sm8250-oneplus-instantnoodlep-Restore.patch:100: trailing whitespace.
 
error: repository lacks the necessary blob to perform 3-way merge.
Falling back to direct application...
warning: 2 lines add whitespace errors.
[lmi-mainline-v6.12.0rc6 1075ab2e4] Applied patch: 0021-arm64-dts-qcom-sm8250-oneplus-instantnoodlep-Restore.patch
 2 files changed, 120 insertions(+), 21 deletions(-)
error: repository lacks the necessary blob to perform 3-way merge.
Falling back to direct application...
[lmi-mainline-v6.12.0rc6 27e2203c3] Applied patch: 0022-drivers-spmi-spmi-pmic-arb.c-remove-warnings.patch
 2 files changed, 5 insertions(+), 1 deletion(-)
error: repository lacks the necessary blob to perform 3-way merge.
Falling back to direct application...
error: patch failed: sound/soc/codecs/wm_adsp.c:828
error: sound/soc/codecs/wm_adsp.c: patch does not apply
error: repository lacks the necessary blob to perform 3-way merge.
Falling back to direct application...
error: patch failed: drivers/input/touchscreen/nt36523/nt36xxx.c:1496
error: drivers/input/touchscreen/nt36523/nt36xxx.c: patch does not apply
error: repository lacks the necessary blob to perform 3-way merge.
Falling back to direct application...
error: patch failed: drivers/gpu/drm/drm_mipi_dsi.c:824
error: drivers/gpu/drm/drm_mipi_dsi.c: patch does not apply
error: repository lacks the necessary blob to perform 3-way merge.
Falling back to direct application...
error: patch failed: include/drm/drm_mipi_dsi.h:289
error: include/drm/drm_mipi_dsi.h: patch does not apply
error: repository lacks the necessary blob to perform 3-way merge.
Falling back to direct application...
error: patch failed: drivers/gpu/drm/panel/Kconfig:620
error: drivers/gpu/drm/panel/Kconfig: patch does not apply
error: repository lacks the necessary blob to perform 3-way merge.
Falling back to direct application...
error: patch failed: drivers/gpu/drm/panel/Makefile:62
error: drivers/gpu/drm/panel/Makefile: patch does not apply
Performing three-way merge...
Applied patch to 'drivers/gpu/drm/panel/panel-samsung-amb655x.c' cleanly.
error: repository lacks the necessary blob to perform 3-way merge.
Falling back to direct application...
error: patch failed: drivers/input/touchscreen/Kconfig:504
error: drivers/input/touchscreen/Kconfig: patch does not apply
error: repository lacks the necessary blob to perform 3-way merge.
Falling back to direct application...
error: patch failed: drivers/input/touchscreen/Makefile:85
error: drivers/input/touchscreen/Makefile: patch does not apply
Performing three-way merge...
/sd/1DMP/Videos//0027-Input-touchscreen-add-Synaptics-TCM-oncell-S3908.patch:637: new blank line at EOF.
+
Applied patch to 'drivers/input/touchscreen/synaptics_tcm_oncell.c' cleanly.
Falling back to direct application...
Falling back to direct application...
