0000000000000000000000000000000000000000000000000000000000000000000000000000000000000000000000000000
0000000000000000000000000000000000000000000000000000000000000000000000000000000000000000000000000000/a
0000000000000000000000000000000000000000000000000000000000000000000000000000000000000000000000000000/bb
0000000000000000000000000000000000000000000000000000000000000000000000000000000000000000000000000000/ccc
0000000000000000000000000000000000000000000000000000000000000000000000000000000000000000000000000000/dddd
11111111111111111111111111111111111111111111111111111111111111111111111111111111111111111111111111111
11111111111111111111111111111111111111111111111111111111111111111111111111111111111111111111111111111/a
11111111111111111111111111111111111111111111111111111111111111111111111111111111111111111111111111111/bb
11111111111111111111111111111111111111111111111111111111111111111111111111111111111111111111111111111/ccc
11111111111111111111111111111111111111111111111111111111111111111111111111111111111111111111111111111/dddd
222222222222222222222222222222222222222222222222222222222222222222222222222222222222222222222222222222
222222222222222222222222222222222222222222222222222222222222222222222222222222222222222222222222222222/a
222222222222222222222222222222222222222222222222222222222222222222222222222222222222222222222222222222/bb
222222222222222222222222222222222222222222222222222222222222222222222222222222222222222222222222222222/ccc
222222222222222222222222222222222222222222222222222222222222222222222222222222222222222222222222222222/dddd
88888888888888888888888888888888888888888888888888888888888888888888888888888888888888888888888888
88888888888888888888888888888888888888888888888888888888888888888888888888888888888888888888888888/a
88888888888888888888888888888888888888888888888888888888888888888888888888888888888888888888888888/bb
88888888888888888888888888888888888888888888888888888888888888888888888888888888888888888888888888/ccc
88888888888888888888888888888888888888888888888888888888888888888888888888888888888888888888888888/dddd
999999999999999999999999999999999999999999999999999999999999999999999999999999999999999999999999999
999999999999999999999999999999999999999999999999999999999999999999999999999999999999999999999999999/a
999999999999999999999999999999999999999999999999999999999999999999999999999999999999999999999999999/bb
999999999999999999999999999999999999999999999999999999999999999999999999999999999999999999999999999/ccc
999999999999999999999999999999999999999999999999999999999999999999999999999999999999999999999999999/dddd
f000000000000000000000000000000000000000000000000000000000000000000000000000000000000000000000000000
f99999999999999999999999999999999999999999999999999999999999999999999999999999999999999999999999999
p33333333333333333333333333333333333333333333333333333333333333333333333333333333333333333333333333333333333333333333333333333333333333333333333333333333
p33333333333333333333333333333333333333333333333333333333333333333333333333333333333333333333333333333333333333333333333333333333333333333333333333333333/a
p444444444444444444444444444444444444444444444444444444444444444444444444444444444444444444444444444444444444444444444444444444444444444444444444444444444
p444444444444444444444444444444444444444444444444444444444444444444444444444444444444444444444444444444444444444444444444444444444444444444444444444444444/b
p5555555555555555555555555555555555555555555555555555555555555555555555555555555555555555555555555555555555555555555555555555555555555555555555555555555555
p5555555555555555555555555555555555555555555555555555555555555555555555555555555555555555555555555555555555555555555555555555555555555555555555555555555555/c
