test-rrdp: session_id: 8fe05c2e-047d-49e7-8398-cd4250a572b1, serial: 50550
test-rrdp: snapshot_uri: https://rpki.example.com/8fe05c2e-047d-49e7-8398-cd4250a572b1/50550/snapshot.xml
test-rrdp: snapshot hash: AE52F78BCB1B258A1DA924122971B0FDDFCE4C01B2B2DBA59C9B28EF1D94C02B
test-rrdp: delta serial 50501 uri: https://rpki.example.com/8fe05c2e-047d-49e7-8398-cd4250a572b1/50501/delta.xml
test-rrdp: delta hash: 40521FB9995ACA55D39360985C336619E08072A6AFFFCE97753E701A0D65D57B
test-rrdp: delta serial 50502 uri: https://rpki.example.com/8fe05c2e-047d-49e7-8398-cd4250a572b1/50502/delta.xml
test-rrdp: delta hash: 1036A71DF3129449E1403F3BEACFA427D59659FAC0B45C9E3DFFDBEBDB17D722
test-rrdp: delta serial 50503 uri: https://rpki.example.com/8fe05c2e-047d-49e7-8398-cd4250a572b1/50503/delta.xml
test-rrdp: delta hash: E8DE1E10D05734BB9EFE65202B96023D3770F0B8FD457249676214612F4685B3
test-rrdp: delta serial 50504 uri: https://rpki.example.com/8fe05c2e-047d-49e7-8398-cd4250a572b1/50504/delta.xml
test-rrdp: delta hash: CDCD746257A0F35BBCE0B1832C2DF4CF25751C281FDE23CAE8B17F607F1E82E1
test-rrdp: delta serial 50505 uri: https://rpki.example.com/8fe05c2e-047d-49e7-8398-cd4250a572b1/50505/delta.xml
test-rrdp: delta hash: 50C95FF4B63C03836FE291AFCA61FDA25C96BC0D280E421DDDC307E591FE8F81
test-rrdp: delta serial 50506 uri: https://rpki.example.com/8fe05c2e-047d-49e7-8398-cd4250a572b1/50506/delta.xml
test-rrdp: delta hash: 7C9C62DA4DD109E5151FCC0EA366DB343E35AB7F2A62D81D6C54EEE1E1FD72B1
test-rrdp: delta serial 50507 uri: https://rpki.example.com/8fe05c2e-047d-49e7-8398-cd4250a572b1/50507/delta.xml
test-rrdp: delta hash: 20360D8B294E3A6E62DE2AF58955AFE601507231E6937B375DE0C047A69CD9C1
test-rrdp: delta serial 50508 uri: https://rpki.example.com/8fe05c2e-047d-49e7-8398-cd4250a572b1/50508/delta.xml
test-rrdp: delta hash: B4AE54C1207EC9A12A5E20091004830FB3D146F62B2396A6C3DE2AB0795ED2E7
test-rrdp: delta serial 50509 uri: https://rpki.example.com/8fe05c2e-047d-49e7-8398-cd4250a572b1/50509/delta.xml
test-rrdp: delta hash: FCD7FE3D59F4B8DAA40920C7B3C5C4D149660AFD35DFCA53EDE7671919802CFB
test-rrdp: delta serial 50510 uri: https://rpki.example.com/8fe05c2e-047d-49e7-8398-cd4250a572b1/50510/delta.xml
test-rrdp: delta hash: 6D8D296CA28CA390B761D25BDB69EAA0086242911A90965C7436D602B4190B66
test-rrdp: delta serial 50511 uri: https://rpki.example.com/8fe05c2e-047d-49e7-8398-cd4250a572b1/50511/delta.xml
test-rrdp: delta hash: 9015620F5B20DBA3DEDC63F90C0CFAB5DD3816217976C6DCC4A68D5555649DC9
test-rrdp: delta serial 50512 uri: https://rpki.example.com/8fe05c2e-047d-49e7-8398-cd4250a572b1/50512/delta.xml
test-rrdp: delta hash: 155C0F96DE414AC4CA7D60DE7B1ACBECDF5B192CCAE6AF3C78F06FFF212138F4
test-rrdp: delta serial 50513 uri: https://rpki.example.com/8fe05c2e-047d-49e7-8398-cd4250a572b1/50513/delta.xml
test-rrdp: delta hash: 85DAF825C8335D8F59FD6B32B25F9B7152F89038B74ED3366A6EA59BD2F4E600
test-rrdp: delta serial 50514 uri: https://rpki.example.com/8fe05c2e-047d-49e7-8398-cd4250a572b1/50514/delta.xml
test-rrdp: delta hash: 70D288EC67C4B47B6DC177BFB735DDD6542B2A9E484BAE770534A83FD515CE8B
test-rrdp: delta serial 50515 uri: https://rpki.example.com/8fe05c2e-047d-49e7-8398-cd4250a572b1/50515/delta.xml
test-rrdp: delta hash: BD258657DE4C220AD500CC0ECE87CFFCAD813ECD30A63DEFF28086A5F2DCBB5F
test-rrdp: delta serial 50516 uri: https://rpki.example.com/8fe05c2e-047d-49e7-8398-cd4250a572b1/50516/delta.xml
test-rrdp: delta hash: FADEE13B825F713E931EDADEDC79B1F86F4E501EF6C153C0F5FD4401C73B3065
test-rrdp: delta serial 50517 uri: https://rpki.example.com/8fe05c2e-047d-49e7-8398-cd4250a572b1/50517/delta.xml
test-rrdp: delta hash: EAC5270A5109E95683EB73153E7F5E081F6DA473048782CE4E0E708AD2264B3A
test-rrdp: delta serial 50518 uri: https://rpki.example.com/8fe05c2e-047d-49e7-8398-cd4250a572b1/50518/delta.xml
test-rrdp: delta hash: 30A580DD74F8F5CF1BF83BC8643171A09482FB401E3F2F0443934EE675CA8107
test-rrdp: delta serial 50519 uri: https://rpki.example.com/8fe05c2e-047d-49e7-8398-cd4250a572b1/50519/delta.xml
test-rrdp: delta hash: 0C07702BAEE536F54F5A35BC481C422C170974DCC2BD4F99E4F58028901B3A52
test-rrdp: delta serial 50520 uri: https://rpki.example.com/8fe05c2e-047d-49e7-8398-cd4250a572b1/50520/delta.xml
test-rrdp: delta hash: AB32D797DFA4D0490888D129BA275F9C4A816F409B5D99DBA76C07AB14BA3A2B
test-rrdp: delta serial 50521 uri: https://rpki.example.com/8fe05c2e-047d-49e7-8398-cd4250a572b1/50521/delta.xml
test-rrdp: delta hash: 321D3C439DC175974842A52D936EC13FC6A73912F75E6AE66D99B9EAAC09E84D
test-rrdp: delta serial 50522 uri: https://rpki.example.com/8fe05c2e-047d-49e7-8398-cd4250a572b1/50522/delta.xml
test-rrdp: delta hash: AA249C432D2EAEFF266B3A875C1CBF721491C10776A28D62CD5CF0CCE891E834
test-rrdp: delta serial 50523 uri: https://rpki.example.com/8fe05c2e-047d-49e7-8398-cd4250a572b1/50523/delta.xml
test-rrdp: delta hash: ABD00B8AEB0555A965F83EA89853E5A8179D5F00E341C7F958E95C3BD6DF8807
test-rrdp: delta serial 50524 uri: https://rpki.example.com/8fe05c2e-047d-49e7-8398-cd4250a572b1/50524/delta.xml
test-rrdp: delta hash: 6BD5645CDA5490EB42737ED94F249C9166F626231B5315C1205C4E1D8E7FD409
test-rrdp: delta serial 50525 uri: https://rpki.example.com/8fe05c2e-047d-49e7-8398-cd4250a572b1/50525/delta.xml
test-rrdp: delta hash: 2660598AAFB968737D8A81F823D490C7157F5A6EE72EF7F2DEF8176095CB96BE
test-rrdp: delta serial 50526 uri: https://rpki.example.com/8fe05c2e-047d-49e7-8398-cd4250a572b1/50526/delta.xml
test-rrdp: delta hash: E615ED42AC32529C7DFE7189F8DECA1E7EC7C4D79C03C50BD51488C7381610BB
test-rrdp: delta serial 50527 uri: https://rpki.example.com/8fe05c2e-047d-49e7-8398-cd4250a572b1/50527/delta.xml
test-rrdp: delta hash: FDC9EB4E70A5F55B310015936D65A3878665D9C03631DA4B66069F4F1D812D5F
test-rrdp: delta serial 50528 uri: https://rpki.example.com/8fe05c2e-047d-49e7-8398-cd4250a572b1/50528/delta.xml
test-rrdp: delta hash: 7CA7B7BBEAF412C492B4781D23F3CF3DE1CE333EF569377B57719C58195CBA6F
test-rrdp: delta serial 50529 uri: https://rpki.example.com/8fe05c2e-047d-49e7-8398-cd4250a572b1/50529/delta.xml
test-rrdp: delta hash: AFBE35FAC90ED1F9FFBC9C00EF9F264E52C3CE5A963CB71D8493FEC0970C6ADE
test-rrdp: delta serial 50530 uri: https://rpki.example.com/8fe05c2e-047d-49e7-8398-cd4250a572b1/50530/delta.xml
test-rrdp: delta hash: 99D665BC23A27A011684985A3F986C4A8D99EF2C5AA700DDCCA48C32D68D1DA1
test-rrdp: delta serial 50531 uri: https://rpki.example.com/8fe05c2e-047d-49e7-8398-cd4250a572b1/50531/delta.xml
test-rrdp: delta hash: 8E18D6C89B7129C2450EFB4A36FEE9085EE5ABD02F0A9AADBCC2A6F4AFD1369E
test-rrdp: delta serial 50532 uri: https://rpki.example.com/8fe05c2e-047d-49e7-8398-cd4250a572b1/50532/delta.xml
test-rrdp: delta hash: 26CB2AF7EF8EF4A6568832FEECCF45193503E2D5AA60EDC36F04928A91448228
test-rrdp: delta serial 50533 uri: https://rpki.example.com/8fe05c2e-047d-49e7-8398-cd4250a572b1/50533/delta.xml
test-rrdp: delta hash: E45DCDAB3AC49D0F6AF740B6C42B2C48FAF539BB1BCBE6AC0EAC9E95028D1D7D
test-rrdp: delta serial 50534 uri: https://rpki.example.com/8fe05c2e-047d-49e7-8398-cd4250a572b1/50534/delta.xml
test-rrdp: delta hash: 19EFF9063C421788FFA4859842CF05366862A78C9DD40D926091A6E9E6F9BB1B
test-rrdp: delta serial 50535 uri: https://rpki.example.com/8fe05c2e-047d-49e7-8398-cd4250a572b1/50535/delta.xml
test-rrdp: delta hash: A749FF4E39B607F65B7D2D2B4BAABABA0198C47EA02C9EF8A8FC36529102BC3C
test-rrdp: delta serial 50536 uri: https://rpki.example.com/8fe05c2e-047d-49e7-8398-cd4250a572b1/50536/delta.xml
test-rrdp: delta hash: 59FBB6D36742C51219CD1A4EF064D6A54531B82CB8DB592A4FAD9D89E867353F
test-rrdp: delta serial 50537 uri: https://rpki.example.com/8fe05c2e-047d-49e7-8398-cd4250a572b1/50537/delta.xml
test-rrdp: delta hash: 13BE78BA673B89D9D8004A1C39E82F667219610371F4ECD64C3C318636419608
test-rrdp: delta serial 50538 uri: https://rpki.example.com/8fe05c2e-047d-49e7-8398-cd4250a572b1/50538/delta.xml
test-rrdp: delta hash: F5B6E9E253597F0FA8C023278D9D77E75B220E1CEBAE597E906A7D6B0AB07398
test-rrdp: delta serial 50539 uri: https://rpki.example.com/8fe05c2e-047d-49e7-8398-cd4250a572b1/50539/delta.xml
test-rrdp: delta hash: 397264BFBD7D466F9BDDEFE5139BA9CE392FAFE24C95F80BE00F27F40246919B
test-rrdp: delta serial 50540 uri: https://rpki.example.com/8fe05c2e-047d-49e7-8398-cd4250a572b1/50540/delta.xml
test-rrdp: delta hash: A64882D43F76933BFBBA07E96A3982A6B1B15BD261F4F78FFBF19AD4C9FAFDED
test-rrdp: delta serial 50541 uri: https://rpki.example.com/8fe05c2e-047d-49e7-8398-cd4250a572b1/50541/delta.xml
test-rrdp: delta hash: D9622F90E5850F38CF2ECBCD5714A9F5F699D8D0BA509F41DAA56DFEEF83CD85
test-rrdp: delta serial 50542 uri: https://rpki.example.com/8fe05c2e-047d-49e7-8398-cd4250a572b1/50542/delta.xml
test-rrdp: delta hash: BEE7A540AA6FFF7C2C00D559B7E9DE6973D52FFA7121030BA534DB5F18A23FA6
test-rrdp: delta serial 50543 uri: https://rpki.example.com/8fe05c2e-047d-49e7-8398-cd4250a572b1/50543/delta.xml
test-rrdp: delta hash: 7626BD5FE4528B3810806EEDE9698F0C835657024717C116024B010D0239AE58
test-rrdp: delta serial 50544 uri: https://rpki.example.com/8fe05c2e-047d-49e7-8398-cd4250a572b1/50544/delta.xml
test-rrdp: delta hash: B4B36D43E649CA7B919AD5754C745A8B50A594F0250E4617C7756B9AE008EAD0
test-rrdp: delta serial 50545 uri: https://rpki.example.com/8fe05c2e-047d-49e7-8398-cd4250a572b1/50545/delta.xml
test-rrdp: delta hash: 12985397A67DAED8F64EE8B653A60A02B121632169247BB95A9D3BEB0F897CA1
test-rrdp: delta serial 50546 uri: https://rpki.example.com/8fe05c2e-047d-49e7-8398-cd4250a572b1/50546/delta.xml
test-rrdp: delta hash: 67DCB6751E0E31586603244CD90FC2F8A3E7EA8132AF13D95962C59898F11B24
test-rrdp: delta serial 50547 uri: https://rpki.example.com/8fe05c2e-047d-49e7-8398-cd4250a572b1/50547/delta.xml
test-rrdp: delta hash: FB94B545FC52CC7CA91A42BC09AE5F89DCF7BCD758FE4BDED47F565CF991DD64
test-rrdp: delta serial 50548 uri: https://rpki.example.com/8fe05c2e-047d-49e7-8398-cd4250a572b1/50548/delta.xml
test-rrdp: delta hash: 8F022550ECEE3CD13EE209C1A8FCD5E99E449295AE9D53ADCA1BA3231718B36C
test-rrdp: delta serial 50549 uri: https://rpki.example.com/8fe05c2e-047d-49e7-8398-cd4250a572b1/50549/delta.xml
test-rrdp: delta hash: 0F7808520C7D54E6F0CBD37BBF391E9028FDC62BDC0F2E90D986479B3B11F8AA
test-rrdp: delta serial 50550 uri: https://rpki.example.com/8fe05c2e-047d-49e7-8398-cd4250a572b1/50550/delta.xml
test-rrdp: delta hash: E99CC80CB36259E73EC1FFED5A0CFBAF27D345800DA18147DBDF8316B28E027C
OK
